<?xml version="1.0" encoding="UTF-8"?>
<!-- Generated by org.testng.reporters.JUnitReportReporter -->
<testsuite hostname="LAPTOP-ER1I82SI" failures="0" tests="2" name="testsuites.TestNewOpp" time="7.637" errors="0" timestamp="2023-07-16T12:19:33 IST" skipped="0">
  <testcase classname="testsuites.TestNewOpp" name="title" time="0.008"/>
  <testcase classname="testsuites.TestNewOpp" name="excelread" time="7.629"/>
</testsuite> <!-- testsuites.TestNewOpp -->
